<?xml version="1.0" encoding="UTF-8"?>
<testsuite xmlns:xsi="http://www.w3.org/2001/XMLSchema-instance" xsi:noNamespaceSchemaLocation="https://maven.apache.org/surefire/maven-surefire-plugin/xsd/surefire-test-report-3.0.xsd" version="3.0" name="com.coopcredit.core.CreditIntegrationTest" time="8.248" tests="1" errors="0" skipped="0" failures="0">
  <properties>
[...]
</properties>
  <testcase name="testRegisterAffiliateAndApplyForCredit" classname="com.coopcredit.core.CreditIntegrationTest" time="0.357">
    <system-out><![CDATA[19:50:33.586 [main] INFO org.springframework.test.context.support.AnnotationConfigContextLoaderUtils -- Could not detect default configuration classes for test class [com.coopcredit.core.CreditIntegrationTest]: CreditIntegrationTest does not declare any static, non-private, non-final, nested classes annotated with @Configuration.
19:50:33.662 [main] INFO org.springframework.boot.test.context.SpringBootTestContextBootstrapper -- Found @SpringBootConfiguration com.coopcredit.core.CreditApplicationServiceApplication for test class com.coopcredit.core.CreditIntegrationTest
19:50:33.754 [main] INFO org.testcontainers.images.PullPolicy -- Image pull policy will be performed by: DefaultPullPolicy()
19:50:33.757 [main] INFO org.testcontainers.utility.ImageNameSubstitutor -- Image name substitution will be performed by: DefaultImageNameSubstitutor (composite of 'ConfigurationFileImageNameSubstitutor' and 'PrefixingImageNameSubstitutor')
19:50:33.930 [main] WARN org.testcontainers.dockerclient.DockerClientProviderStrategy -- DOCKER_HOST unix:///var/run/docker.sock is not listening
19:50:34.076 [main] INFO org.testcontainers.dockerclient.DockerClientProviderStrategy -- Found Docker environment with Docker accessed via Unix socket (/home/Coder/.docker/desktop/docker.sock)
19:50:34.077 [main] INFO org.testcontainers.DockerClientFactory -- Docker host IP address is localhost
19:50:34.088 [main] INFO org.testcontainers.DockerClientFactory -- Connected to docker: 
  Server Version: 28.3.3
  API Version: 1.51
  Operating System: Docker Desktop
  Total Memory: 3751 MB
19:50:34.133 [main] INFO tc.testcontainers/ryuk:0.5.1 -- Creating container for image: testcontainers/ryuk:0.5.1
19:50:34.149 [main] INFO org.testcontainers.utility.RegistryAuthLocator -- Credential helper/store (docker-credential-desktop) does not have credentials for https://index.docker.io/v1/
19:50:34.227 [main] INFO tc.testcontainers/ryuk:0.5.1 -- Container testcontainers/ryuk:0.5.1 is starting: 1fac15bb4dc0c2a46f77fc1be6bb4ef7849118e83613593d66a85e50e6766eef
19:50:34.482 [main] INFO tc.testcontainers/ryuk:0.5.1 -- Container testcontainers/ryuk:0.5.1 started in PT0.348697259S
19:50:34.486 [main] INFO org.testcontainers.utility.RyukResourceReaper -- Ryuk started - will monitor and terminate Testcontainers containers on JVM exit
19:50:34.486 [main] INFO org.testcontainers.DockerClientFactory -- Checking the system...
19:50:34.487 [main] INFO org.testcontainers.DockerClientFactory -- ✔︎ Docker server version should be at least 1.6.0
19:50:34.487 [main] INFO tc.postgres:15-alpine -- Creating container for image: postgres:15-alpine
19:50:34.528 [main] INFO tc.postgres:15-alpine -- Container postgres:15-alpine is starting: d2aea97ea058d8d2a626b2a46b8d96ae2f40ea3f4cc7f3da849e30bb0c7a5749
19:50:35.714 [main] INFO tc.postgres:15-alpine -- Container postgres:15-alpine started in PT1.226938202S
19:50:35.715 [main] INFO tc.postgres:15-alpine -- Container is started (JDBC URL: jdbc:postgresql://localhost:43617/coopcredit_test?loggerLevel=OFF)
19:50:35.742 [main] INFO org.springframework.boot.devtools.restart.RestartApplicationListener -- Restart disabled due to context in which it is running

  .   ____          _            __ _ _
 /\\ / ___'_ __ _ _(_)_ __  __ _ \ \ \ \
( ( )\___ | '_ | '_| | '_ \/ _` | \ \ \ \
 \\/  ___)| |_)| | | | | || (_| |  ) ) ) )
  '  |____| .__|_| |_|_| |_\__, | / / / /
 =========|_|==============|___/=/_/_/_/
 :: Spring Boot ::                (v3.2.1)

2025-12-09T19:50:35.888-05:00  INFO 103574 --- [credit-application-service] [           main] c.coopcredit.core.CreditIntegrationTest  : Starting CreditIntegrationTest using Java 17.0.17 with PID 103574 (started by Coder in /home/Coder/Vídeos/Spring-boot/CoopCredit/credit-application-service)
2025-12-09T19:50:35.889-05:00 DEBUG 103574 --- [credit-application-service] [           main] c.coopcredit.core.CreditIntegrationTest  : Running with Spring Boot v3.2.1, Spring v6.1.2
2025-12-09T19:50:35.890-05:00  INFO 103574 --- [credit-application-service] [           main] c.coopcredit.core.CreditIntegrationTest  : No active profile set, falling back to 1 default profile: "default"
2025-12-09T19:50:36.563-05:00  INFO 103574 --- [credit-application-service] [           main] .s.d.r.c.RepositoryConfigurationDelegate : Bootstrapping Spring Data JPA repositories in DEFAULT mode.
2025-12-09T19:50:36.627-05:00  INFO 103574 --- [credit-application-service] [           main] .s.d.r.c.RepositoryConfigurationDelegate : Finished Spring Data repository scanning in 56 ms. Found 3 JPA repository interfaces.
2025-12-09T19:50:37.725-05:00  INFO 103574 --- [credit-application-service] [           main] o.s.b.w.embedded.tomcat.TomcatWebServer  : Tomcat initialized with port 0 (http)
2025-12-09T19:50:37.732-05:00  INFO 103574 --- [credit-application-service] [           main] o.apache.catalina.core.StandardService   : Starting service [Tomcat]
2025-12-09T19:50:37.733-05:00  INFO 103574 --- [credit-application-service] [           main] o.apache.catalina.core.StandardEngine    : Starting Servlet engine: [Apache Tomcat/10.1.17]
2025-12-09T19:50:37.770-05:00  INFO 103574 --- [credit-application-service] [           main] o.a.c.c.C.[Tomcat].[localhost].[/]       : Initializing Spring embedded WebApplicationContext
2025-12-09T19:50:37.771-05:00  INFO 103574 --- [credit-application-service] [           main] w.s.c.ServletWebServerApplicationContext : Root WebApplicationContext: initialization completed in 1871 ms
2025-12-09T19:50:37.997-05:00  INFO 103574 --- [credit-application-service] [           main] com.zaxxer.hikari.HikariDataSource       : HikariPool-1 - Starting...
2025-12-09T19:50:38.179-05:00  INFO 103574 --- [credit-application-service] [           main] com.zaxxer.hikari.pool.HikariPool        : HikariPool-1 - Added connection org.postgresql.jdbc.PgConnection@58cd6088
2025-12-09T19:50:38.181-05:00  INFO 103574 --- [credit-application-service] [           main] com.zaxxer.hikari.HikariDataSource       : HikariPool-1 - Start completed.
2025-12-09T19:50:38.254-05:00  INFO 103574 --- [credit-application-service] [           main] o.f.c.internal.license.VersionPrinter    : Flyway Community Edition 9.22.3 by Redgate
2025-12-09T19:50:38.255-05:00  INFO 103574 --- [credit-application-service] [           main] o.f.c.internal.license.VersionPrinter    : See release notes here: https://rd.gt/416ObMi
2025-12-09T19:50:38.255-05:00  INFO 103574 --- [credit-application-service] [           main] o.f.c.internal.license.VersionPrinter    : 
2025-12-09T19:50:38.280-05:00  INFO 103574 --- [credit-application-service] [           main] org.flywaydb.core.FlywayExecutor         : Database: jdbc:postgresql://localhost:43617/coopcredit_test (PostgreSQL 15.15)
2025-12-09T19:50:38.319-05:00  INFO 103574 --- [credit-application-service] [           main] o.f.c.i.s.JdbcTableSchemaHistory         : Schema history table "public"."flyway_schema_history" does not exist yet
2025-12-09T19:50:38.323-05:00  INFO 103574 --- [credit-application-service] [           main] o.f.core.internal.command.DbValidate     : Successfully validated 4 migrations (execution time 00:00.022s)
2025-12-09T19:50:38.345-05:00  INFO 103574 --- [credit-application-service] [           main] o.f.c.i.s.JdbcTableSchemaHistory         : Creating Schema History table "public"."flyway_schema_history" ...
2025-12-09T19:50:38.398-05:00  INFO 103574 --- [credit-application-service] [           main] o.f.core.internal.command.DbMigrate      : Current version of schema "public": << Empty Schema >>
2025-12-09T19:50:38.404-05:00  INFO 103574 --- [credit-application-service] [           main] o.f.core.internal.command.DbMigrate      : Migrating schema "public" to version "1 - schema"
2025-12-09T19:50:38.435-05:00  INFO 103574 --- [credit-application-service] [           main] o.f.core.internal.command.DbMigrate      : Migrating schema "public" to version "2 - relations"
2025-12-09T19:50:38.456-05:00  INFO 103574 --- [credit-application-service] [           main] o.f.core.internal.command.DbMigrate      : Migrating schema "public" to version "3 - users table"
2025-12-09T19:50:38.473-05:00  INFO 103574 --- [credit-application-service] [           main] o.f.core.internal.command.DbMigrate      : Migrating schema "public" to version "4 - add enrollment date"
2025-12-09T19:50:38.484-05:00  INFO 103574 --- [credit-application-service] [           main] o.f.core.internal.command.DbMigrate      : Successfully applied 4 migrations to schema "public", now at version v4 (execution time 00:00.037s)
2025-12-09T19:50:38.601-05:00  INFO 103574 --- [credit-application-service] [           main] o.hibernate.jpa.internal.util.LogHelper  : HHH000204: Processing PersistenceUnitInfo [name: default]
2025-12-09T19:50:38.646-05:00  INFO 103574 --- [credit-application-service] [           main] org.hibernate.Version                    : HHH000412: Hibernate ORM core version 6.4.1.Final
2025-12-09T19:50:38.679-05:00  INFO 103574 --- [credit-application-service] [           main] o.h.c.internal.RegionFactoryInitiator    : HHH000026: Second-level cache disabled
2025-12-09T19:50:38.779-05:00  INFO 103574 --- [credit-application-service] [           main] o.s.o.j.p.SpringPersistenceUnitInfo      : No LoadTimeWeaver setup: ignoring JPA class transformer
2025-12-09T19:50:38.817-05:00  WARN 103574 --- [credit-application-service] [           main] org.hibernate.orm.deprecation            : HHH90000025: PostgreSQLDialect does not need to be specified explicitly using 'hibernate.dialect' (remove the property setting and it will be selected by default)
2025-12-09T19:50:39.399-05:00  INFO 103574 --- [credit-application-service] [           main] o.h.e.t.j.p.i.JtaPlatformInitiator       : HHH000489: No JTA platform available (set 'hibernate.transaction.jta.platform' to enable JTA platform integration)
2025-12-09T19:50:39.425-05:00  INFO 103574 --- [credit-application-service] [           main] j.LocalContainerEntityManagerFactoryBean : Initialized JPA EntityManagerFactory for persistence unit 'default'
2025-12-09T19:50:39.694-05:00 DEBUG 103574 --- [credit-application-service] [           main] c.c.c.i.c.s.JwtAuthenticationFilter      : Filter 'jwtAuthenticationFilter' configured for use
2025-12-09T19:50:40.122-05:00  WARN 103574 --- [credit-application-service] [           main] JpaBaseConfiguration$JpaWebConfiguration : spring.jpa.open-in-view is enabled by default. Therefore, database queries may be performed during view rendering. Explicitly configure spring.jpa.open-in-view to disable this warning
2025-12-09T19:50:40.408-05:00  INFO 103574 --- [credit-application-service] [           main] o.s.b.a.e.web.EndpointLinksResolver      : Exposing 2 endpoint(s) beneath base path '/actuator'
2025-12-09T19:50:40.457-05:00  INFO 103574 --- [credit-application-service] [           main] o.s.s.web.DefaultSecurityFilterChain     : Will secure any request with [org.springframework.security.web.session.DisableEncodeUrlFilter@52971afb, org.springframework.security.web.context.request.async.WebAsyncManagerIntegrationFilter@47d6d2a7, org.springframework.security.web.context.SecurityContextHolderFilter@3c55c035, org.springframework.security.web.header.HeaderWriterFilter@49bc9588, org.springframework.web.filter.CorsFilter@61f56074, org.springframework.security.web.authentication.logout.LogoutFilter@6878e49e, com.coopcredit.core.infrastructure.config.security.JwtAuthenticationFilter@77614e7c, org.springframework.security.web.savedrequest.RequestCacheAwareFilter@148d7cfa, org.springframework.security.web.servletapi.SecurityContextHolderAwareRequestFilter@bbc199a, org.springframework.security.web.authentication.AnonymousAuthenticationFilter@95d1ba6, org.springframework.security.web.session.SessionManagementFilter@2f92b5a1, org.springframework.security.web.access.ExceptionTranslationFilter@1b9b8759, org.springframework.security.web.access.intercept.AuthorizationFilter@2a7af3d9]
2025-12-09T19:50:40.949-05:00 DEBUG 103574 --- [credit-application-service] [           main] c.c.c.i.c.s.JwtAuthenticationFilter      : Filter 'jwtAuthenticationFilter' configured for use
2025-12-09T19:50:40.949-05:00  INFO 103574 --- [credit-application-service] [           main] o.a.c.c.C.[Tomcat].[localhost].[/]       : Initializing Spring TestDispatcherServlet ''
2025-12-09T19:50:40.949-05:00  INFO 103574 --- [credit-application-service] [           main] o.s.t.web.servlet.TestDispatcherServlet  : Initializing Servlet ''
2025-12-09T19:50:40.951-05:00  INFO 103574 --- [credit-application-service] [           main] o.s.t.web.servlet.TestDispatcherServlet  : Completed initialization in 2 ms
2025-12-09T19:50:41.040-05:00  INFO 103574 --- [credit-application-service] [           main] o.s.b.w.embedded.tomcat.TomcatWebServer  : Tomcat started on port 41929 (http) with context path ''
2025-12-09T19:50:41.057-05:00  INFO 103574 --- [credit-application-service] [           main] c.coopcredit.core.CreditIntegrationTest  : Started CreditIntegrationTest in 5.321 seconds (process running for 7.939)
]]></system-out>
  </testcase>
</testsuite>